# JRE version: Java(TM) SE Runtime Environment (8.0-b132) (build 1.8.0-b132)
# Java VM: Java HotSpot(TM) 64-Bit Server VM (25.0-b70 mixed mode bsd-amd64 compressed oops)
Heap:
 PSYoungGen      total 9728K, used 4431K [0x00000007aab00000, 0x00000007abb00000, 0x00000007c0000000)
  eden space 7680K, 36% used [0x00000007aab00000,0x00000007aadbbe40,0x00000007ab280000)
  from space 2048K, 79% used [0x00000007ab280000,0x00000007ab418000,0x00000007ab480000)
  to   space 2048K, 0% used [0x00000007ab900000,0x00000007ab900000,0x00000007abb00000)
 ParOldGen       total 64000K, used 7806K [0x0000000780000000, 0x0000000783e80000, 0x00000007aab00000)
  object space 64000K, 12% used [0x0000000780000000,0x000000078079f8c0,0x0000000783e80000)
 Metaspace       used 13439K, capacity 13604K, committed 13824K, reserved 1060864K
  class space    used 1886K, capacity 1944K, committed 2048K, reserved 1048576K
GC Heap History (10 events):
Event: 0.438 GC heap before
{Heap before GC invocations=5 (full 0):
 PSYoungGen      total 2560K, used 2537K [0x00000007aab00000, 0x00000007aae00000, 0x00000007c0000000)
  eden space 2048K, 99% used [0x00000007aab00000,0x00000007aacfe6b8,0x00000007aad00000)
  from space 512K, 96% used [0x00000007aad80000,0x00000007aadfc010,0x00000007aae00000)
  to   space 512K, 0% used [0x00000007aad00000,0x00000007aad00000,0x00000007aad80000)
 ParOldGen       total 64000K, used 272K [0x0000000780000000, 0x0000000783e80000, 0x00000007aab00000)
  object space 64000K, 0% used [0x0000000780000000,0x0000000780044000,0x0000000783e80000)
 Metaspace       used 4687K, capacity 6070K, committed 6272K, reserved 1056768K
  class space    used 505K, capacity 554K, committed 640K, reserved 1048576K
Event: 0.440 GC heap after
Heap after GC invocations=5 (full 0):
 PSYoungGen      total 2560K, used 496K [0x00000007aab00000, 0x00000007ab100000, 0x00000007c0000000)
  eden space 2048K, 0% used [0x00000007aab00000,0x00000007aab00000,0x00000007aad00000)
  from space 512K, 96% used [0x00000007aad00000,0x00000007aad7c020,0x00000007aad80000)
  to   space 1024K, 0% used [0x00000007ab000000,0x00000007ab000000,0x00000007ab100000)
 ParOldGen       total 64000K, used 876K [0x0000000780000000, 0x0000000783e80000, 0x00000007aab00000)
  object space 64000K, 1% used [0x0000000780000000,0x00000007800db030,0x0000000783e80000)
 Metaspace       used 4687K, capacity 6070K, committed 6272K, reserved 1056768K
  class space    used 505K, capacity 554K, committed 640K, reserved 1048576K
}
Event: 0.531 GC heap before
{Heap before GC invocations=6 (full 0):
 PSYoungGen      total 2560K, used 2544K [0x00000007aab00000, 0x00000007ab100000, 0x00000007c0000000)
  eden space 2048K, 100% used [0x00000007aab00000,0x00000007aad00000,0x00000007aad00000)
  from space 512K, 96% used [0x00000007aad00000,0x00000007aad7c020,0x00000007aad80000)
  to   space 1024K, 0% used [0x00000007ab000000,0x00000007ab000000,0x00000007ab100000)
 ParOldGen       total 64000K, used 876K [0x0000000780000000, 0x0000000783e80000, 0x00000007aab00000)
  object space 64000K, 1% used [0x0000000780000000,0x00000007800db030,0x0000000783e80000)
 Metaspace       used 5744K, capacity 7062K, committed 7168K, reserved 1056768K
  class space    used 673K, capacity 714K, committed 768K, reserved 1048576K
Event: 0.533 GC heap after
Heap after GC invocations=6 (full 0):
 PSYoungGen      total 5120K, used 592K [0x00000007aab00000, 0x00000007ab100000, 0x00000007c0000000)
  eden space 4096K, 0% used [0x00000007aab00000,0x00000007aab00000,0x00000007aaf00000)
  from space 1024K, 57% used [0x00000007ab000000,0x00000007ab094020,0x00000007ab100000)
  to   space 1024K, 0% used [0x00000007aaf00000,0x00000007aaf00000,0x00000007ab000000)
 ParOldGen       total 64000K, used 884K [0x0000000780000000, 0x0000000783e80000, 0x00000007aab00000)
  object space 64000K, 1% used [0x0000000780000000,0x00000007800dd030,0x0000000783e80000)
 Metaspace       used 5744K, capacity 7062K, committed 7168K, reserved 1056768K
  class space    used 673K, capacity 714K, committed 768K, reserved 1048576K
}
Event: 1.076 GC heap before
{Heap before GC invocations=7 (full 0):
 PSYoungGen      total 5120K, used 4688K [0x00000007aab00000, 0x00000007ab100000, 0x00000007c0000000)
  eden space 4096K, 100% used [0x00000007aab00000,0x00000007aaf00000,0x00000007aaf00000)
  from space 1024K, 57% used [0x00000007ab000000,0x00000007ab094020,0x00000007ab100000)
  to   space 1024K, 0% used [0x00000007aaf00000,0x00000007aaf00000,0x00000007ab000000)
 ParOldGen       total 64000K, used 6959K [0x0000000780000000, 0x0000000783e80000, 0x00000007aab00000)
  object space 64000K, 10% used [0x0000000780000000,0x00000007806cbc40,0x0000000783e80000)
 Metaspace       used 8969K, capacity 9090K, committed 9216K, reserved 1056768K
  class space    used 1164K, capacity 1206K, committed 1280K, reserved 1048576K
Event: 1.080 GC heap after
Heap after GC invocations=7 (full 0):
 PSYoungGen      total 5120K, used 992K [0x00000007aab00000, 0x00000007ab600000, 0x00000007c0000000)
  eden space 4096K, 0% used [0x00000007aab00000,0x00000007aab00000,0x00000007aaf00000)
  from space 1024K, 96% used [0x00000007aaf00000,0x00000007aaff8010,0x00000007ab000000)
  to   space 1536K, 0% used [0x00000007ab480000,0x00000007ab480000,0x00000007ab600000)
 ParOldGen       total 64000K, used 7390K [0x0000000780000000, 0x0000000783e80000, 0x00000007aab00000)
  object space 64000K, 11% used [0x0000000780000000,0x00000007807378b0,0x0000000783e80000)
 Metaspace       used 8969K, capacity 9090K, committed 9216K, reserved 1056768K
  class space    used 1164K, capacity 1206K, committed 1280K, reserved 1048576K
}
Event: 1.228 GC heap before
{Heap before GC invocations=8 (full 0):
 PSYoungGen      total 5120K, used 5088K [0x00000007aab00000, 0x00000007ab600000, 0x00000007c0000000)
  eden space 4096K, 100% used [0x00000007aab00000,0x00000007aaf00000,0x00000007aaf00000)
  from space 1024K, 96% used [0x00000007aaf00000,0x00000007aaff8010,0x00000007ab000000)
  to   space 1536K, 0% used [0x00000007ab480000,0x00000007ab480000,0x00000007ab600000)
 ParOldGen       total 64000K, used 7390K [0x0000000780000000, 0x0000000783e80000, 0x00000007aab00000)
  object space 64000K, 11% used [0x0000000780000000,0x00000007807378b0,0x0000000783e80000)
 Metaspace       used 10324K, capacity 10498K, committed 10752K, reserved 1058816K
  class space    used 1426K, capacity 1462K, committed 1536K, reserved 1048576K
Event: 1.235 GC heap after
Heap after GC invocations=8 (full 0):
 PSYoungGen      total 9216K, used 1504K [0x00000007aab00000, 0x00000007ab700000, 0x00000007c0000000)
  eden space 7680K, 0% used [0x00000007aab00000,0x00000007aab00000,0x00000007ab280000)
  from space 1536K, 97% used [0x00000007ab480000,0x00000007ab5f8010,0x00000007ab600000)
  to   space 2048K, 0% used [0x00000007ab280000,0x00000007ab280000,0x00000007ab480000)
 ParOldGen       total 64000K, used 7630K [0x0000000780000000, 0x0000000783e80000, 0x00000007aab00000)
  object space 64000K, 11% used [0x0000000780000000,0x00000007807738b0,0x0000000783e80000)
 Metaspace       used 10324K, capacity 10498K, committed 10752K, reserved 1058816K
  class space    used 1426K, capacity 1462K, committed 1536K, reserved 1048576K
}
Event: 1.442 GC heap before
{Heap before GC invocations=9 (full 0):
 PSYoungGen      total 9216K, used 9184K [0x00000007aab00000, 0x00000007ab700000, 0x00000007c0000000)
  eden space 7680K, 100% used [0x00000007aab00000,0x00000007ab280000,0x00000007ab280000)
  from space 1536K, 97% used [0x00000007ab480000,0x00000007ab5f8010,0x00000007ab600000)
  to   space 2048K, 0% used [0x00000007ab280000,0x00000007ab280000,0x00000007ab480000)
 ParOldGen       total 64000K, used 7630K [0x0000000780000000, 0x0000000783e80000, 0x00000007aab00000)
  object space 64000K, 11% used [0x0000000780000000,0x00000007807738b0,0x0000000783e80000)
 Metaspace       used 11537K, capacity 11684K, committed 11904K, reserved 1058816K
  class space    used 1595K, capacity 1624K, committed 1664K, reserved 1048576K
Event: 1.450 GC heap after
Heap after GC invocations=9 (full 0):
 PSYoungGen      total 9728K, used 1632K [0x00000007aab00000, 0x00000007abb00000, 0x00000007c0000000)
  eden space 7680K, 0% used [0x00000007aab00000,0x00000007aab00000,0x00000007ab280000)
  from space 2048K, 79% used [0x00000007ab280000,0x00000007ab418000,0x00000007ab480000)
  to   space 2048K, 0% used [0x00000007ab900000,0x00000007ab900000,0x00000007abb00000)
 ParOldGen       total 64000K, used 7806K [0x0000000780000000, 0x0000000783e80000, 0x00000007aab00000)
  object space 64000K, 12% used [0x0000000780000000,0x000000078079f8c0,0x0000000783e80000)
 Metaspace       used 11537K, capacity 11684K, committed 11904K, reserved 1058816K
  class space    used 1595K, capacity 1624K, committed 1664K, reserved 1048576K
}

